<?xml version="1.0" encoding="UTF-8"?>
<testsuite xmlns:xsi="http://www.w3.org/2001/XMLSchema-instance" xsi:noNamespaceSchemaLocation="https://maven.apache.org/surefire/maven-surefire-plugin/xsd/surefire-test-report.xsd" name="org.infinispan.api.data.map.MapTest" time="0.193" tests="2" errors="0" skipped="0" failures="0">
  <properties>
    <property name="gopherProxySet" value="false"/>
    <property name="awt.toolkit" value="sun.lwawt.macosx.LWCToolkit"/>
    <property name="file.encoding.pkg" value="sun.io"/>
    <property name="java.specification.version" value="1.8"/>
    <property name="sun.cpu.isalist" value=""/>
    <property name="sun.jnu.encoding" value="UTF-8"/>
    <property name="java.class.path" value="/Users/katiaaresti/REDHAT/infinispan-new-api/simple/target/test-classes:/Users/katiaaresti/REDHAT/infinispan-new-api/simple/target/classes:/Users/katiaaresti/.m2/repository/org/infinispan/infinispan-core/9.3.3.Final/infinispan-core-9.3.3.Final.jar:/Users/katiaaresti/.m2/repository/org/infinispan/infinispan-commons/9.3.3.Final/infinispan-commons-9.3.3.Final.jar:/Users/katiaaresti/.m2/repository/org/jgroups/jgroups/4.0.12.Final/jgroups-4.0.12.Final.jar:/Users/katiaaresti/.m2/repository/com/github/ben-manes/caffeine/caffeine/2.6.2/caffeine-2.6.2.jar:/Users/katiaaresti/.m2/repository/org/jboss/spec/javax/transaction/jboss-transaction-api_1.2_spec/1.0.1.Final/jboss-transaction-api_1.2_spec-1.0.1.Final.jar:/Users/katiaaresti/.m2/repository/org/jboss/marshalling/jboss-marshalling-osgi/2.0.5.Final/jboss-marshalling-osgi-2.0.5.Final.jar:/Users/katiaaresti/.m2/repository/org/jboss/logging/jboss-logging/3.3.1.Final/jboss-logging-3.3.1.Final.jar:/Users/katiaaresti/.m2/repository/io/reactivex/rxjava2/rxjava/2.1.3/rxjava-2.1.3.jar:/Users/katiaaresti/.m2/repository/org/reactivestreams/reactive-streams/1.0.1/reactive-streams-1.0.1.jar:/Users/katiaaresti/.m2/repository/org/infinispan/infinispan-query/9.3.3.Final/infinispan-query-9.3.3.Final.jar:/Users/katiaaresti/.m2/repository/org/infinispan/infinispan-query-dsl/9.3.3.Final/infinispan-query-dsl-9.3.3.Final.jar:/Users/katiaaresti/.m2/repository/org/infinispan/infinispan-objectfilter/9.3.3.Final/infinispan-objectfilter-9.3.3.Final.jar:/Users/katiaaresti/.m2/repository/org/antlr/antlr-runtime/3.5.2/antlr-runtime-3.5.2.jar:/Users/katiaaresti/.m2/repository/org/hibernate/hibernate-search-engine/5.10.1.Final/hibernate-search-engine-5.10.1.Final.jar:/Users/katiaaresti/.m2/repository/org/hibernate/common/hibernate-commons-annotations/5.0.3.Final/hibernate-commons-annotations-5.0.3.Final.jar:/Users/katiaaresti/.m2/repository/org/apache/lucene/lucene-core/5.5.5/lucene-core-5.5.5.jar:/Users/katiaaresti/.m2/repository/org/apache/lucene/lucene-misc/5.5.5/lucene-misc-5.5.5.jar:/Users/katiaaresti/.m2/repository/org/apache/lucene/lucene-analyzers-common/5.5.5/lucene-analyzers-common-5.5.5.jar:/Users/katiaaresti/.m2/repository/org/apache/lucene/lucene-facet/5.5.5/lucene-facet-5.5.5.jar:/Users/katiaaresti/.m2/repository/org/apache/lucene/lucene-queries/5.5.5/lucene-queries-5.5.5.jar:/Users/katiaaresti/.m2/repository/org/apache/lucene/lucene-queryparser/5.5.5/lucene-queryparser-5.5.5.jar:/Users/katiaaresti/.m2/repository/org/infinispan/infinispan-directory-provider/9.3.3.Final/infinispan-directory-provider-9.3.3.Final.jar:/Users/katiaaresti/.m2/repository/org/hibernate/hibernate-search-serialization-avro/5.10.1.Final/hibernate-search-serialization-avro-5.10.1.Final.jar:/Users/katiaaresti/.m2/repository/org/apache/avro/avro/1.7.6/avro-1.7.6.jar:/Users/katiaaresti/.m2/repository/org/codehaus/jackson/jackson-core-asl/1.9.13/jackson-core-asl-1.9.13.jar:/Users/katiaaresti/.m2/repository/org/codehaus/jackson/jackson-mapper-asl/1.9.13/jackson-mapper-asl-1.9.13.jar:/Users/katiaaresti/.m2/repository/com/thoughtworks/paranamer/paranamer/2.3/paranamer-2.3.jar:/Users/katiaaresti/.m2/repository/org/apache/commons/commons-compress/1.4/commons-compress-1.4.jar:/Users/katiaaresti/.m2/repository/org/slf4j/slf4j-api/1.6.4/slf4j-api-1.6.4.jar:/Users/katiaaresti/.m2/repository/org/infinispan/infinispan-lucene-directory/9.3.3.Final/infinispan-lucene-directory-9.3.3.Final.jar:/Users/katiaaresti/.m2/repository/org/junit/jupiter/junit-jupiter-api/5.3.1/junit-jupiter-api-5.3.1.jar:/Users/katiaaresti/.m2/repository/org/apiguardian/apiguardian-api/1.0.0/apiguardian-api-1.0.0.jar:/Users/katiaaresti/.m2/repository/org/opentest4j/opentest4j/1.1.1/opentest4j-1.1.1.jar:/Users/katiaaresti/.m2/repository/org/junit/platform/junit-platform-commons/1.3.1/junit-platform-commons-1.3.1.jar:/Users/katiaaresti/.m2/repository/org/junit/jupiter/junit-jupiter-params/5.3.1/junit-jupiter-params-5.3.1.jar:/Users/katiaaresti/.m2/repository/org/junit/jupiter/junit-jupiter-engine/5.3.1/junit-jupiter-engine-5.3.1.jar:/Users/katiaaresti/.m2/repository/org/junit/platform/junit-platform-engine/1.3.1/junit-platform-engine-1.3.1.jar:/Users/katiaaresti/.m2/repository/org/assertj/assertj-core/3.11.1/assertj-core-3.11.1.jar:"/>
    <property name="java.vm.vendor" value="Oracle Corporation"/>
    <property name="sun.arch.data.model" value="64"/>
    <property name="java.vendor.url" value="http://java.oracle.com/"/>
    <property name="user.timezone" value=""/>
    <property name="java.vm.specification.version" value="1.8"/>
    <property name="os.name" value="Mac OS X"/>
    <property name="user.country" value="FR"/>
    <property name="sun.java.launcher" value="SUN_STANDARD"/>
    <property name="sun.boot.library.path" value="/Library/Java/JavaVirtualMachines/jdk1.8.0_161.jdk/Contents/Home/jre/lib"/>
    <property name="sun.java.command" value="/Users/katiaaresti/REDHAT/infinispan-new-api/simple/target/surefire/surefirebooter3753240169564708476.jar /Users/katiaaresti/REDHAT/infinispan-new-api/simple/target/surefire 2018-10-02T15-05-51_511-jvmRun1 surefire1187952677360319646tmp surefire_02084717795054605271tmp"/>
    <property name="http.nonProxyHosts" value="local|*.local|169.254/16|*.169.254/16"/>
    <property name="surefire.test.class.path" value="/Users/katiaaresti/REDHAT/infinispan-new-api/simple/target/test-classes:/Users/katiaaresti/REDHAT/infinispan-new-api/simple/target/classes:/Users/katiaaresti/.m2/repository/org/infinispan/infinispan-core/9.3.3.Final/infinispan-core-9.3.3.Final.jar:/Users/katiaaresti/.m2/repository/org/infinispan/infinispan-commons/9.3.3.Final/infinispan-commons-9.3.3.Final.jar:/Users/katiaaresti/.m2/repository/org/jgroups/jgroups/4.0.12.Final/jgroups-4.0.12.Final.jar:/Users/katiaaresti/.m2/repository/com/github/ben-manes/caffeine/caffeine/2.6.2/caffeine-2.6.2.jar:/Users/katiaaresti/.m2/repository/org/jboss/spec/javax/transaction/jboss-transaction-api_1.2_spec/1.0.1.Final/jboss-transaction-api_1.2_spec-1.0.1.Final.jar:/Users/katiaaresti/.m2/repository/org/jboss/marshalling/jboss-marshalling-osgi/2.0.5.Final/jboss-marshalling-osgi-2.0.5.Final.jar:/Users/katiaaresti/.m2/repository/org/jboss/logging/jboss-logging/3.3.1.Final/jboss-logging-3.3.1.Final.jar:/Users/katiaaresti/.m2/repository/io/reactivex/rxjava2/rxjava/2.1.3/rxjava-2.1.3.jar:/Users/katiaaresti/.m2/repository/org/reactivestreams/reactive-streams/1.0.1/reactive-streams-1.0.1.jar:/Users/katiaaresti/.m2/repository/org/infinispan/infinispan-query/9.3.3.Final/infinispan-query-9.3.3.Final.jar:/Users/katiaaresti/.m2/repository/org/infinispan/infinispan-query-dsl/9.3.3.Final/infinispan-query-dsl-9.3.3.Final.jar:/Users/katiaaresti/.m2/repository/org/infinispan/infinispan-objectfilter/9.3.3.Final/infinispan-objectfilter-9.3.3.Final.jar:/Users/katiaaresti/.m2/repository/org/antlr/antlr-runtime/3.5.2/antlr-runtime-3.5.2.jar:/Users/katiaaresti/.m2/repository/org/hibernate/hibernate-search-engine/5.10.1.Final/hibernate-search-engine-5.10.1.Final.jar:/Users/katiaaresti/.m2/repository/org/hibernate/common/hibernate-commons-annotations/5.0.3.Final/hibernate-commons-annotations-5.0.3.Final.jar:/Users/katiaaresti/.m2/repository/org/apache/lucene/lucene-core/5.5.5/lucene-core-5.5.5.jar:/Users/katiaaresti/.m2/repository/org/apache/lucene/lucene-misc/5.5.5/lucene-misc-5.5.5.jar:/Users/katiaaresti/.m2/repository/org/apache/lucene/lucene-analyzers-common/5.5.5/lucene-analyzers-common-5.5.5.jar:/Users/katiaaresti/.m2/repository/org/apache/lucene/lucene-facet/5.5.5/lucene-facet-5.5.5.jar:/Users/katiaaresti/.m2/repository/org/apache/lucene/lucene-queries/5.5.5/lucene-queries-5.5.5.jar:/Users/katiaaresti/.m2/repository/org/apache/lucene/lucene-queryparser/5.5.5/lucene-queryparser-5.5.5.jar:/Users/katiaaresti/.m2/repository/org/infinispan/infinispan-directory-provider/9.3.3.Final/infinispan-directory-provider-9.3.3.Final.jar:/Users/katiaaresti/.m2/repository/org/hibernate/hibernate-search-serialization-avro/5.10.1.Final/hibernate-search-serialization-avro-5.10.1.Final.jar:/Users/katiaaresti/.m2/repository/org/apache/avro/avro/1.7.6/avro-1.7.6.jar:/Users/katiaaresti/.m2/repository/org/codehaus/jackson/jackson-core-asl/1.9.13/jackson-core-asl-1.9.13.jar:/Users/katiaaresti/.m2/repository/org/codehaus/jackson/jackson-mapper-asl/1.9.13/jackson-mapper-asl-1.9.13.jar:/Users/katiaaresti/.m2/repository/com/thoughtworks/paranamer/paranamer/2.3/paranamer-2.3.jar:/Users/katiaaresti/.m2/repository/org/apache/commons/commons-compress/1.4/commons-compress-1.4.jar:/Users/katiaaresti/.m2/repository/org/slf4j/slf4j-api/1.6.4/slf4j-api-1.6.4.jar:/Users/katiaaresti/.m2/repository/org/infinispan/infinispan-lucene-directory/9.3.3.Final/infinispan-lucene-directory-9.3.3.Final.jar:/Users/katiaaresti/.m2/repository/org/junit/jupiter/junit-jupiter-api/5.3.1/junit-jupiter-api-5.3.1.jar:/Users/katiaaresti/.m2/repository/org/apiguardian/apiguardian-api/1.0.0/apiguardian-api-1.0.0.jar:/Users/katiaaresti/.m2/repository/org/opentest4j/opentest4j/1.1.1/opentest4j-1.1.1.jar:/Users/katiaaresti/.m2/repository/org/junit/platform/junit-platform-commons/1.3.1/junit-platform-commons-1.3.1.jar:/Users/katiaaresti/.m2/repository/org/junit/jupiter/junit-jupiter-params/5.3.1/junit-jupiter-params-5.3.1.jar:/Users/katiaaresti/.m2/repository/org/junit/jupiter/junit-jupiter-engine/5.3.1/junit-jupiter-engine-5.3.1.jar:/Users/katiaaresti/.m2/repository/org/junit/platform/junit-platform-engine/1.3.1/junit-platform-engine-1.3.1.jar:/Users/katiaaresti/.m2/repository/org/assertj/assertj-core/3.11.1/assertj-core-3.11.1.jar:"/>
    <property name="sun.cpu.endian" value="little"/>
    <property name="user.home" value="/Users/katiaaresti"/>
    <property name="user.language" value="en"/>
    <property name="java.specification.vendor" value="Oracle Corporation"/>
    <property name="java.home" value="/Library/Java/JavaVirtualMachines/jdk1.8.0_161.jdk/Contents/Home/jre"/>
    <property name="basedir" value="/Users/katiaaresti/REDHAT/infinispan-new-api/simple"/>
    <property name="file.separator" value="/"/>
    <property name="line.separator" value="&#10;"/>
    <property name="java.vm.specification.vendor" value="Oracle Corporation"/>
    <property name="java.specification.name" value="Java Platform API Specification"/>
    <property name="java.awt.graphicsenv" value="sun.awt.CGraphicsEnvironment"/>
    <property name="surefire.real.class.path" value="/Users/katiaaresti/REDHAT/infinispan-new-api/simple/target/surefire/surefirebooter3753240169564708476.jar"/>
    <property name="sun.boot.class.path" value="/Library/Java/JavaVirtualMachines/jdk1.8.0_161.jdk/Contents/Home/jre/lib/resources.jar:/Library/Java/JavaVirtualMachines/jdk1.8.0_161.jdk/Contents/Home/jre/lib/rt.jar:/Library/Java/JavaVirtualMachines/jdk1.8.0_161.jdk/Contents/Home/jre/lib/sunrsasign.jar:/Library/Java/JavaVirtualMachines/jdk1.8.0_161.jdk/Contents/Home/jre/lib/jsse.jar:/Library/Java/JavaVirtualMachines/jdk1.8.0_161.jdk/Contents/Home/jre/lib/jce.jar:/Library/Java/JavaVirtualMachines/jdk1.8.0_161.jdk/Contents/Home/jre/lib/charsets.jar:/Library/Java/JavaVirtualMachines/jdk1.8.0_161.jdk/Contents/Home/jre/lib/jfr.jar:/Library/Java/JavaVirtualMachines/jdk1.8.0_161.jdk/Contents/Home/jre/classes"/>
    <property name="sun.management.compiler" value="HotSpot 64-Bit Tiered Compilers"/>
    <property name="ftp.nonProxyHosts" value="local|*.local|169.254/16|*.169.254/16"/>
    <property name="java.runtime.version" value="1.8.0_161-b12"/>
    <property name="user.name" value="katiaaresti"/>
    <property name="path.separator" value=":"/>
    <property name="os.version" value="10.13.6"/>
    <property name="java.endorsed.dirs" value="/Library/Java/JavaVirtualMachines/jdk1.8.0_161.jdk/Contents/Home/jre/lib/endorsed"/>
    <property name="java.runtime.name" value="Java(TM) SE Runtime Environment"/>
    <property name="file.encoding" value="UTF-8"/>
    <property name="java.vm.name" value="Java HotSpot(TM) 64-Bit Server VM"/>
    <property name="localRepository" value="/Users/katiaaresti/.m2/repository"/>
    <property name="java.vendor.url.bug" value="http://bugreport.sun.com/bugreport/"/>
    <property name="java.io.tmpdir" value="/var/folders/3x/nfyhj1xs74b982yd1j7h35540000gn/T/"/>
    <property name="java.version" value="1.8.0_161"/>
    <property name="user.dir" value="/Users/katiaaresti/REDHAT/infinispan-new-api/simple"/>
    <property name="os.arch" value="x86_64"/>
    <property name="java.vm.specification.name" value="Java Virtual Machine Specification"/>
    <property name="java.awt.printerjob" value="sun.lwawt.macosx.CPrinterJob"/>
    <property name="sun.os.patch.level" value="unknown"/>
    <property name="java.library.path" value="/Users/katiaaresti/Library/Java/Extensions:/Library/Java/Extensions:/Network/Library/Java/Extensions:/System/Library/Java/Extensions:/usr/lib/java:."/>
    <property name="java.vm.info" value="mixed mode"/>
    <property name="java.vendor" value="Oracle Corporation"/>
    <property name="java.vm.version" value="25.161-b12"/>
    <property name="java.ext.dirs" value="/Users/katiaaresti/Library/Java/Extensions:/Library/Java/JavaVirtualMachines/jdk1.8.0_161.jdk/Contents/Home/jre/lib/ext:/Library/Java/Extensions:/Network/Library/Java/Extensions:/System/Library/Java/Extensions:/usr/lib/java"/>
    <property name="sun.io.unicode.encoding" value="UnicodeBig"/>
    <property name="java.class.version" value="52.0"/>
    <property name="socksNonProxyHosts" value="local|*.local|169.254/16|*.169.254/16"/>
  </properties>
  <testcase name="testEmbeddedCache" classname="org.infinispan.api.data.map.MapTest" time="0.054"/>
  <testcase name="testRemoteCache" classname="org.infinispan.api.data.map.MapTest" time="0.138"/>
</testsuite>